<?xml version="1.0" encoding="UTF-8"?>
<!-- Generated by org.testng.reporters.JUnitXMLReporter -->
<testsuite ignored="0" hostname="LTIN593958" failures="4" tests="21" name="ChromeTest" time="62.833" errors="0" timestamp="2025-04-23T10:47:38 IST">
  <testcase classname="testCases.TemperatureConverterTest" name="openURL" time="0.046"/>
  <testcase classname="testCases.TemperatureConverterTest" name="validateTempConvUI" time="0.393"/>
  <testcase classname="testCases.TemperatureConverterTest" name="funSelectUnit" time="0.304"/>
  <testcase classname="testCases.TemperatureConverterTest" name="funSelectUnit" time="0.316"/>
  <testcase classname="testCases.TemperatureConverterTest" name="funSelectUnit" time="0.391"/>
  <testcase classname="testCases.TemperatureConverterTest" name="funSelectNullUnit" time="0.208"/>
  <testcase classname="testCases.TemperatureConverterTest" name="funTempConv" time="0.579"/>
  <testcase classname="testCases.TemperatureConverterTest" name="funTempConv" time="0.526"/>
  <testcase classname="testCases.TemperatureConverterTest" name="funTempConv" time="0.631">
    <failure type="java.lang.AssertionError" message="The temperature textbox shows the error pops up saying &amp;quot;please enter a valid value. The two nearest valid values are 2 and 3.&amp;quot; expected [true] but found [false]">
      <![CDATA[java.lang.AssertionError: The temperature textbox shows the error pops up saying "please enter a valid value. The two nearest valid values are 2 and 3." expected [true] but found [false]
at testCases.TemperatureConverterTest.funTempConv(TemperatureConverterTest.java:89)
at java.base/java.util.ArrayList.forEach(ArrayList.java:1596)
... Removed 28 stack frames]]>
    </failure>
  </testcase> <!-- funTempConv -->
  <testcase classname="testCases.TemperatureConverterTest" name="funTempConv" time="0.464"/>
  <testcase classname="testCases.TemperatureConverterTest" name="verifyBackgroundChange" time="0.476"/>
  <testcase classname="testCases.TemperatureConverterTest" name="verifyBackgroundChange" time="0.675"/>
  <testcase classname="testCases.TemperatureConverterTest" name="verifyBackgroundChange" time="0.474"/>
  <testcase classname="testCases.CityTemperatureTest" name="validateTempConvUI" time="0.186"/>
  <testcase classname="testCases.CityTemperatureTest" name="funCityTemp" time="1.031"/>
  <testcase classname="testCases.CityTemperatureTest" name="funCityTemp" time="0.849">
    <failure type="org.openqa.selenium.UnhandledAlertException" message="unexpected alert open: {Alert text : Wrong City name}
  (Session info: chrome=134.0.6998.178): Wrong City name
Build info: version: &amp;apos;4.31.0&amp;apos;, revision: &amp;apos;1ef9f18787*&amp;apos;
System info: os.name: &amp;apos;Windows 11&amp;apos;, os.arch: &amp;apos;amd64&amp;apos;, os.version: &amp;apos;10.0&amp;apos;, java.version: &amp;apos;21.0.5&amp;apos;
Driver info: org.openqa.selenium.chrome.ChromeDriver
Command: [b2f497f9fe4fc85889eccdc3e7e08cd5, findElement {value=//p[@id=&amp;apos;cityResult&amp;apos;], using=xpath}]
Capabilities {acceptInsecureCerts: false, browserName: chrome, browserVersion: 134.0.6998.178, chrome: {chromedriverVersion: 134.0.6998.165 (fd886e2cb29..., userDataDir: C:\windows\SystemTemp\scope...}, fedcm:accounts: true, goog:chromeOptions: {debuggerAddress: localhost:65349}, networkConnectionEnabled: false, pageLoadStrategy: normal, platformName: windows, proxy: Proxy(), se:cdp: ws://localhost:65349/devtoo..., se:cdpVersion: 134.0.6998.178, setWindowRect: true, strictFileInteractability: false, timeouts: {implicit: 0, pageLoad: 300000, script: 30000}, unhandledPromptBehavior: dismiss and notify, webauthn:extension:credBlob: true, webauthn:extension:largeBlob: true, webauthn:extension:minPinLength: true, webauthn:extension:prf: true, webauthn:virtualAuthenticators: true}
Session ID: b2f497f9fe4fc85889eccdc3e7e08cd5">
      <![CDATA[org.openqa.selenium.UnhandledAlertException: unexpected alert open: {Alert text : Wrong City name}
  (Session info: chrome=134.0.6998.178): Wrong City name
Build info: version: '4.31.0', revision: '1ef9f18787*'
System info: os.name: 'Windows 11', os.arch: 'amd64', os.version: '10.0', java.version: '21.0.5'
Driver info: org.openqa.selenium.chrome.ChromeDriver
Command: [b2f497f9fe4fc85889eccdc3e7e08cd5, findElement {value=//p[@id='cityResult'], using=xpath}]
Capabilities {acceptInsecureCerts: false, browserName: chrome, browserVersion: 134.0.6998.178, chrome: {chromedriverVersion: 134.0.6998.165 (fd886e2cb29..., userDataDir: C:\windows\SystemTemp\scope...}, fedcm:accounts: true, goog:chromeOptions: {debuggerAddress: localhost:65349}, networkConnectionEnabled: false, pageLoadStrategy: normal, platformName: windows, proxy: Proxy(), se:cdp: ws://localhost:65349/devtoo..., se:cdpVersion: 134.0.6998.178, setWindowRect: true, strictFileInteractability: false, timeouts: {implicit: 0, pageLoad: 300000, script: 30000}, unhandledPromptBehavior: dismiss and notify, webauthn:extension:credBlob: true, webauthn:extension:largeBlob: true, webauthn:extension:minPinLength: true, webauthn:extension:prf: true, webauthn:virtualAuthenticators: true}
Session ID: b2f497f9fe4fc85889eccdc3e7e08cd5
at org.openqa.selenium.remote.codec.w3c.W3CHttpResponseCodec.decode(W3CHttpResponseCodec.java:136)
at org.openqa.selenium.remote.codec.w3c.W3CHttpResponseCodec.decode(W3CHttpResponseCodec.java:50)
at org.openqa.selenium.remote.HttpCommandExecutor.execute(HttpCommandExecutor.java:215)
at org.openqa.selenium.remote.service.DriverCommandExecutor.invokeExecute(DriverCommandExecutor.java:216)
at org.openqa.selenium.remote.service.DriverCommandExecutor.execute(DriverCommandExecutor.java:174)
at org.openqa.selenium.remote.RemoteWebDriver.execute(RemoteWebDriver.java:545)
at org.openqa.selenium.remote.ElementLocation$ElementFinder$2.findElement(ElementLocation.java:165)
at org.openqa.selenium.remote.ElementLocation.findElement(ElementLocation.java:59)
at org.openqa.selenium.remote.RemoteWebDriver.findElement(RemoteWebDriver.java:368)
at org.openqa.selenium.remote.RemoteWebDriver.findElement(RemoteWebDriver.java:362)
at org.openqa.selenium.support.pagefactory.DefaultElementLocator.findElement(DefaultElementLocator.java:68)
at org.openqa.selenium.support.pagefactory.internal.LocatingElementHandler.invoke(LocatingElementHandler.java:38)
at jdk.proxy2/jdk.proxy2.$Proxy32.isDisplayed(Unknown Source)
at org.openqa.selenium.support.ui.ExpectedConditions.elementIfVisible(ExpectedConditions.java:304)
at org.openqa.selenium.support.ui.ExpectedConditions$10.apply(ExpectedConditions.java:290)
at org.openqa.selenium.support.ui.ExpectedConditions$10.apply(ExpectedConditions.java:287)
at org.openqa.selenium.support.ui.FluentWait.until(FluentWait.java:203)
at testCases.CityTemperatureTest.funCityTemp(CityTemperatureTest.java:58)
at java.base/java.util.ArrayList.forEach(ArrayList.java:1596)
... Removed 25 stack frames]]>
    </failure>
  </testcase> <!-- funCityTemp -->
  <testcase classname="testCases.CityTemperatureTest" name="funCityTemp" time="0.916"/>
  <testcase classname="testCases.CityTemperatureTest" name="funCityTemp" time="10.704">
    <failure type="org.openqa.selenium.TimeoutException" message="Expected condition failed: waiting for alert to be present (tried for 10 second(s) with 500 milliseconds interval)
Build info: version: &amp;apos;4.31.0&amp;apos;, revision: &amp;apos;1ef9f18787*&amp;apos;
System info: os.name: &amp;apos;Windows 11&amp;apos;, os.arch: &amp;apos;amd64&amp;apos;, os.version: &amp;apos;10.0&amp;apos;, java.version: &amp;apos;21.0.5&amp;apos;
Driver info: org.openqa.selenium.chrome.ChromeDriver
Capabilities {acceptInsecureCerts: false, browserName: chrome, browserVersion: 134.0.6998.178, chrome: {chromedriverVersion: 134.0.6998.165 (fd886e2cb29..., userDataDir: C:\windows\SystemTemp\scope...}, fedcm:accounts: true, goog:chromeOptions: {debuggerAddress: localhost:65349}, networkConnectionEnabled: false, pageLoadStrategy: normal, platformName: windows, proxy: Proxy(), se:cdp: ws://localhost:65349/devtoo..., se:cdpVersion: 134.0.6998.178, setWindowRect: true, strictFileInteractability: false, timeouts: {implicit: 0, pageLoad: 300000, script: 30000}, unhandledPromptBehavior: dismiss and notify, webauthn:extension:credBlob: true, webauthn:extension:largeBlob: true, webauthn:extension:minPinLength: true, webauthn:extension:prf: true, webauthn:virtualAuthenticators: true}
Session ID: b2f497f9fe4fc85889eccdc3e7e08cd5">
      <![CDATA[org.openqa.selenium.TimeoutException: Expected condition failed: waiting for alert to be present (tried for 10 second(s) with 500 milliseconds interval)
Build info: version: '4.31.0', revision: '1ef9f18787*'
System info: os.name: 'Windows 11', os.arch: 'amd64', os.version: '10.0', java.version: '21.0.5'
Driver info: org.openqa.selenium.chrome.ChromeDriver
Capabilities {acceptInsecureCerts: false, browserName: chrome, browserVersion: 134.0.6998.178, chrome: {chromedriverVersion: 134.0.6998.165 (fd886e2cb29..., userDataDir: C:\windows\SystemTemp\scope...}, fedcm:accounts: true, goog:chromeOptions: {debuggerAddress: localhost:65349}, networkConnectionEnabled: false, pageLoadStrategy: normal, platformName: windows, proxy: Proxy(), se:cdp: ws://localhost:65349/devtoo..., se:cdpVersion: 134.0.6998.178, setWindowRect: true, strictFileInteractability: false, timeouts: {implicit: 0, pageLoad: 300000, script: 30000}, unhandledPromptBehavior: dismiss and notify, webauthn:extension:credBlob: true, webauthn:extension:largeBlob: true, webauthn:extension:minPinLength: true, webauthn:extension:prf: true, webauthn:virtualAuthenticators: true}
Session ID: b2f497f9fe4fc85889eccdc3e7e08cd5
at org.openqa.selenium.support.ui.WebDriverWait.timeoutException(WebDriverWait.java:84)
at org.openqa.selenium.support.ui.FluentWait.until(FluentWait.java:228)
at testCases.CityTemperatureTest.funCityTemp(CityTemperatureTest.java:67)
at java.base/java.util.ArrayList.forEach(ArrayList.java:1596)
... Removed 25 stack frames]]>
    </failure>
  </testcase> <!-- funCityTemp -->
  <testcase classname="testCases.CityTemperatureTest" name="funCityTemp" time="0.514"/>
  <testcase classname="testCases.CityTemperatureTest" name="verifyBackgroundChange" time="0.966"/>
  <testcase classname="testCases.CityTemperatureTest" name="validateMinMaxTemperatures" time="0.647">
    <failure type="java.lang.AssertionError" message="did not expect [32.61] but found [32.61]">
      <![CDATA[java.lang.AssertionError: did not expect [32.61] but found [32.61]
at testCases.CityTemperatureTest.validateMinMaxTemperatures(CityTemperatureTest.java:97)
at java.base/java.util.ArrayList.forEach(ArrayList.java:1596)
... Removed 30 stack frames]]>
    </failure>
  </testcase> <!-- validateMinMaxTemperatures -->
</testsuite> <!-- ChromeTest -->
