<?xml version="1.0" encoding="UTF-8"?>
<!-- Generated by org.testng.reporters.JUnitXMLReporter -->
<testsuite ignored="0" hostname="LTIN593958" failures="5" tests="21" name="FirefoxTest" time="80.847" errors="0" timestamp="2025-04-18T15:20:11 IST">
  <testcase classname="testCases.TemperatureConverterTest" name="openURL" time="0.008"/>
  <testcase classname="testCases.TemperatureConverterTest" name="validateTempConvUI" time="0.169"/>
  <testcase classname="testCases.TemperatureConverterTest" name="funSelectUnit" time="0.45"/>
  <testcase classname="testCases.TemperatureConverterTest" name="funSelectUnit" time="0.348"/>
  <testcase classname="testCases.TemperatureConverterTest" name="funSelectUnit" time="0.369"/>
  <testcase classname="testCases.TemperatureConverterTest" name="funSelectNullUnit" time="0.316"/>
  <testcase classname="testCases.TemperatureConverterTest" name="funTempConv" time="0.638"/>
  <testcase classname="testCases.TemperatureConverterTest" name="funTempConv" time="0.666"/>
  <testcase classname="testCases.TemperatureConverterTest" name="funTempConv" time="0.928">
    <failure type="java.lang.AssertionError" message="expected [true] but found [false]">
      <![CDATA[java.lang.AssertionError: expected [true] but found [false]
at testCases.TemperatureConverterTest.funTempConv(TemperatureConverterTest.java:89)
at java.base/java.util.ArrayList.forEach(ArrayList.java:1596)
... Removed 29 stack frames]]>
    </failure>
  </testcase> <!-- funTempConv -->
  <testcase classname="testCases.TemperatureConverterTest" name="funTempConv" time="0.85">
    <failure type="java.lang.AssertionError" message="expected [Please fill out this field.] but found [Please enter a number.]">
      <![CDATA[java.lang.AssertionError: expected [Please fill out this field.] but found [Please enter a number.]
at testCases.TemperatureConverterTest.funTempConv(TemperatureConverterTest.java:86)
at java.base/java.util.ArrayList.forEach(ArrayList.java:1596)
... Removed 31 stack frames]]>
    </failure>
  </testcase> <!-- funTempConv -->
  <testcase classname="testCases.TemperatureConverterTest" name="verifyBackgroundChange" time="0.65"/>
  <testcase classname="testCases.TemperatureConverterTest" name="verifyBackgroundChange" time="0.646"/>
  <testcase classname="testCases.TemperatureConverterTest" name="verifyBackgroundChange" time="0.685"/>
  <testcase classname="testCases.CityTemperatureTest" name="validateTempConvUI" time="0.191"/>
  <testcase classname="testCases.CityTemperatureTest" name="funCityTemp" time="0.915"/>
  <testcase classname="testCases.CityTemperatureTest" name="funCityTemp" time="0.925">
    <failure type="org.openqa.selenium.UnhandledAlertException" message="Unexpected alert dialog detected. Performed handler &amp;quot;dismiss&amp;quot;. Dialog text: Wrong City name: Wrong City name
Build info: version: &amp;apos;4.31.0&amp;apos;, revision: &amp;apos;1ef9f18787*&amp;apos;
System info: os.name: &amp;apos;Windows 11&amp;apos;, os.arch: &amp;apos;amd64&amp;apos;, os.version: &amp;apos;10.0&amp;apos;, java.version: &amp;apos;21.0.5&amp;apos;
Driver info: org.openqa.selenium.firefox.FirefoxDriver
Command: [e3049702-9cc3-42f7-8abd-2adc5d5aeaa4, findElement {value=//p[@id=&amp;apos;cityResult&amp;apos;], using=xpath}]
Capabilities {acceptInsecureCerts: true, browserName: firefox, browserVersion: 137.0.2, moz:accessibilityChecks: false, moz:buildID: 20250414091429, moz:geckodriverVersion: 0.36.0, moz:headless: false, moz:platformVersion: 10.0, moz:processID: 38000, moz:profile: C:\Users\2389221\AppData\Lo..., moz:shutdownTimeout: 60000, moz:webdriverClick: true, moz:windowless: false, pageLoadStrategy: normal, platformName: windows, proxy: Proxy(), setWindowRect: true, strictFileInteractability: false, timeouts: {implicit: 0, pageLoad: 300000, script: 30000}, unhandledPromptBehavior: dismiss and notify, userAgent: Mozilla/5.0 (Windows NT 10....}
Session ID: e3049702-9cc3-42f7-8abd-2adc5d5aeaa4">
      <![CDATA[org.openqa.selenium.UnhandledAlertException: Unexpected alert dialog detected. Performed handler "dismiss". Dialog text: Wrong City name: Wrong City name
Build info: version: '4.31.0', revision: '1ef9f18787*'
System info: os.name: 'Windows 11', os.arch: 'amd64', os.version: '10.0', java.version: '21.0.5'
Driver info: org.openqa.selenium.firefox.FirefoxDriver
Command: [e3049702-9cc3-42f7-8abd-2adc5d5aeaa4, findElement {value=//p[@id='cityResult'], using=xpath}]
Capabilities {acceptInsecureCerts: true, browserName: firefox, browserVersion: 137.0.2, moz:accessibilityChecks: false, moz:buildID: 20250414091429, moz:geckodriverVersion: 0.36.0, moz:headless: false, moz:platformVersion: 10.0, moz:processID: 38000, moz:profile: C:\Users\2389221\AppData\Lo..., moz:shutdownTimeout: 60000, moz:webdriverClick: true, moz:windowless: false, pageLoadStrategy: normal, platformName: windows, proxy: Proxy(), setWindowRect: true, strictFileInteractability: false, timeouts: {implicit: 0, pageLoad: 300000, script: 30000}, unhandledPromptBehavior: dismiss and notify, userAgent: Mozilla/5.0 (Windows NT 10....}
Session ID: e3049702-9cc3-42f7-8abd-2adc5d5aeaa4
at org.openqa.selenium.remote.codec.w3c.W3CHttpResponseCodec.decode(W3CHttpResponseCodec.java:136)
at org.openqa.selenium.remote.codec.w3c.W3CHttpResponseCodec.decode(W3CHttpResponseCodec.java:50)
at org.openqa.selenium.remote.HttpCommandExecutor.execute(HttpCommandExecutor.java:215)
at org.openqa.selenium.remote.service.DriverCommandExecutor.invokeExecute(DriverCommandExecutor.java:216)
at org.openqa.selenium.remote.service.DriverCommandExecutor.execute(DriverCommandExecutor.java:174)
at org.openqa.selenium.remote.RemoteWebDriver.execute(RemoteWebDriver.java:545)
at org.openqa.selenium.remote.ElementLocation$ElementFinder$2.findElement(ElementLocation.java:165)
at org.openqa.selenium.remote.ElementLocation.findElement(ElementLocation.java:59)
at org.openqa.selenium.remote.RemoteWebDriver.findElement(RemoteWebDriver.java:368)
at org.openqa.selenium.remote.RemoteWebDriver.findElement(RemoteWebDriver.java:362)
at org.openqa.selenium.support.pagefactory.DefaultElementLocator.findElement(DefaultElementLocator.java:68)
at org.openqa.selenium.support.pagefactory.internal.LocatingElementHandler.invoke(LocatingElementHandler.java:38)
at jdk.proxy2/jdk.proxy2.$Proxy32.isDisplayed(Unknown Source)
at org.openqa.selenium.support.ui.ExpectedConditions.elementIfVisible(ExpectedConditions.java:304)
at org.openqa.selenium.support.ui.ExpectedConditions$10.apply(ExpectedConditions.java:290)
at org.openqa.selenium.support.ui.ExpectedConditions$10.apply(ExpectedConditions.java:287)
at org.openqa.selenium.support.ui.FluentWait.until(FluentWait.java:203)
at testCases.CityTemperatureTest.funCityTemp(CityTemperatureTest.java:58)
at java.base/java.util.ArrayList.forEach(ArrayList.java:1596)
... Removed 25 stack frames]]>
    </failure>
  </testcase> <!-- funCityTemp -->
  <testcase classname="testCases.CityTemperatureTest" name="funCityTemp" time="0.375"/>
  <testcase classname="testCases.CityTemperatureTest" name="funCityTemp" time="10.625">
    <failure type="org.openqa.selenium.TimeoutException" message="Expected condition failed: waiting for alert to be present (tried for 10 second(s) with 500 milliseconds interval)
Build info: version: &amp;apos;4.31.0&amp;apos;, revision: &amp;apos;1ef9f18787*&amp;apos;
System info: os.name: &amp;apos;Windows 11&amp;apos;, os.arch: &amp;apos;amd64&amp;apos;, os.version: &amp;apos;10.0&amp;apos;, java.version: &amp;apos;21.0.5&amp;apos;
Driver info: org.openqa.selenium.firefox.FirefoxDriver
Capabilities {acceptInsecureCerts: true, browserName: firefox, browserVersion: 137.0.2, moz:accessibilityChecks: false, moz:buildID: 20250414091429, moz:geckodriverVersion: 0.36.0, moz:headless: false, moz:platformVersion: 10.0, moz:processID: 38000, moz:profile: C:\Users\2389221\AppData\Lo..., moz:shutdownTimeout: 60000, moz:webdriverClick: true, moz:windowless: false, pageLoadStrategy: normal, platformName: windows, proxy: Proxy(), setWindowRect: true, strictFileInteractability: false, timeouts: {implicit: 0, pageLoad: 300000, script: 30000}, unhandledPromptBehavior: dismiss and notify, userAgent: Mozilla/5.0 (Windows NT 10....}
Session ID: e3049702-9cc3-42f7-8abd-2adc5d5aeaa4">
      <![CDATA[org.openqa.selenium.TimeoutException: Expected condition failed: waiting for alert to be present (tried for 10 second(s) with 500 milliseconds interval)
Build info: version: '4.31.0', revision: '1ef9f18787*'
System info: os.name: 'Windows 11', os.arch: 'amd64', os.version: '10.0', java.version: '21.0.5'
Driver info: org.openqa.selenium.firefox.FirefoxDriver
Capabilities {acceptInsecureCerts: true, browserName: firefox, browserVersion: 137.0.2, moz:accessibilityChecks: false, moz:buildID: 20250414091429, moz:geckodriverVersion: 0.36.0, moz:headless: false, moz:platformVersion: 10.0, moz:processID: 38000, moz:profile: C:\Users\2389221\AppData\Lo..., moz:shutdownTimeout: 60000, moz:webdriverClick: true, moz:windowless: false, pageLoadStrategy: normal, platformName: windows, proxy: Proxy(), setWindowRect: true, strictFileInteractability: false, timeouts: {implicit: 0, pageLoad: 300000, script: 30000}, unhandledPromptBehavior: dismiss and notify, userAgent: Mozilla/5.0 (Windows NT 10....}
Session ID: e3049702-9cc3-42f7-8abd-2adc5d5aeaa4
at org.openqa.selenium.support.ui.WebDriverWait.timeoutException(WebDriverWait.java:84)
at org.openqa.selenium.support.ui.FluentWait.until(FluentWait.java:228)
at testCases.CityTemperatureTest.funCityTemp(CityTemperatureTest.java:67)
at java.base/java.util.ArrayList.forEach(ArrayList.java:1596)
... Removed 25 stack frames]]>
    </failure>
  </testcase> <!-- funCityTemp -->
  <testcase classname="testCases.CityTemperatureTest" name="funCityTemp" time="0.367"/>
  <testcase classname="testCases.CityTemperatureTest" name="verifyBackgroundChange" time="0.909"/>
  <testcase classname="testCases.CityTemperatureTest" name="validateMinMaxTemperatures" time="0.463">
    <failure type="java.lang.AssertionError" message="did not expect [31.68] but found [31.68]">
      <![CDATA[java.lang.AssertionError: did not expect [31.68] but found [31.68]
at testCases.CityTemperatureTest.validateMinMaxTemperatures(CityTemperatureTest.java:97)
at java.base/java.util.ArrayList.forEach(ArrayList.java:1596)
... Removed 30 stack frames]]>
    </failure>
  </testcase> <!-- validateMinMaxTemperatures -->
</testsuite> <!-- FirefoxTest -->
