<?xml version="1.0" encoding="UTF-8"?>
<!-- Generated by org.testng.reporters.JUnitReportReporter -->
<testsuite hostname="LTIN593958" failures="1" tests="13" name="testCases.TemperatureConverterTest" time="14.994" errors="0" timestamp="2025-04-23T10:47:38 IST" skipped="0">
  <testcase classname="testCases.TemperatureConverterTest" name="openURL" time="0.638"/>
  <testcase classname="testCases.TemperatureConverterTest" name="validateTempConvUI" time="1.358"/>
  <testcase classname="testCases.TemperatureConverterTest" name="funSelectUnit" time="0.879"/>
  <testcase classname="testCases.TemperatureConverterTest" name="funSelectUnit" time="1.229"/>
  <testcase classname="testCases.TemperatureConverterTest" name="funSelectUnit" time="1.286"/>
  <testcase classname="testCases.TemperatureConverterTest" name="funSelectNullUnit" time="0.946"/>
  <testcase classname="testCases.TemperatureConverterTest" name="funTempConv" time="1.372"/>
  <testcase classname="testCases.TemperatureConverterTest" name="funTempConv" time="1.108"/>
  <testcase classname="testCases.TemperatureConverterTest" name="funTempConv" time="1.513">
    <failure message="The temperature textbox shows the error pops up saying &quot;please enter a valid value. The two nearest valid values are 2 and 3.&quot; expected [true] but found [false]" type="java.lang.AssertionError">
      <![CDATA[java.lang.AssertionError: The temperature textbox shows the error pops up saying "please enter a valid value. The two nearest valid values are 2 and 3." expected [true] but found [false]
at org.testng.Assert.fail(Assert.java:111)
at org.testng.Assert.failNotEquals(Assert.java:1590)
at org.testng.Assert.assertTrue(Assert.java:57)
at testCases.TemperatureConverterTest.funTempConv(TemperatureConverterTest.java:89)
at java.base/jdk.internal.reflect.DirectMethodHandleAccessor.invoke(DirectMethodHandleAccessor.java:103)
at java.base/java.lang.reflect.Method.invoke(Method.java:580)
at org.testng.internal.invokers.MethodInvocationHelper.invokeMethod(MethodInvocationHelper.java:141)
at org.testng.internal.invokers.TestInvoker.invokeMethod(TestInvoker.java:687)
at org.testng.internal.invokers.TestInvoker.invokeTestMethod(TestInvoker.java:230)
at org.testng.internal.invokers.MethodRunner.runInSequence(MethodRunner.java:63)
at org.testng.internal.invokers.TestInvoker$MethodInvocationAgent.invoke(TestInvoker.java:995)
at org.testng.internal.invokers.TestInvoker.invokeTestMethods(TestInvoker.java:203)
at org.testng.internal.invokers.TestMethodWorker.invokeTestMethods(TestMethodWorker.java:154)
at org.testng.internal.invokers.TestMethodWorker.run(TestMethodWorker.java:134)
at java.base/java.util.ArrayList.forEach(ArrayList.java:1596)
at org.testng.TestRunner.privateRun(TestRunner.java:741)
at org.testng.TestRunner.run(TestRunner.java:616)
at org.testng.SuiteRunner.runTest(SuiteRunner.java:421)
at org.testng.SuiteRunner.runSequentially(SuiteRunner.java:413)
at org.testng.SuiteRunner.privateRun(SuiteRunner.java:373)
at org.testng.SuiteRunner.run(SuiteRunner.java:312)
at org.testng.SuiteRunnerWorker.runSuite(SuiteRunnerWorker.java:52)
at org.testng.SuiteRunnerWorker.run(SuiteRunnerWorker.java:95)
at org.testng.TestNG.runSuitesSequentially(TestNG.java:1274)
at org.testng.TestNG.runSuitesLocally(TestNG.java:1208)
at org.testng.TestNG.runSuites(TestNG.java:1112)
at org.testng.TestNG.run(TestNG.java:1079)
at org.testng.remote.AbstractRemoteTestNG.run(AbstractRemoteTestNG.java:115)
at org.testng.remote.RemoteTestNG.initAndRun(RemoteTestNG.java:293)
at org.testng.remote.RemoteTestNG.main(RemoteTestNG.java:91)
]]>
    </failure>
  </testcase> <!-- funTempConv -->
  <testcase classname="testCases.TemperatureConverterTest" name="funTempConv" time="1.132"/>
  <testcase classname="testCases.TemperatureConverterTest" name="verifyBackgroundChange" time="1.171"/>
  <testcase classname="testCases.TemperatureConverterTest" name="verifyBackgroundChange" time="1.200"/>
  <testcase classname="testCases.TemperatureConverterTest" name="verifyBackgroundChange" time="1.162"/>
</testsuite> <!-- testCases.TemperatureConverterTest -->
